<?xml version="1.0" encoding="UTF-8"?>
<!-- Generated by org.testng.reporters.JUnitXMLReporter -->
<testsuite ignored="0" hostname="DESKTOP-1SMQ9T3" failures="0" tests="20" name="Test" time="2358.027" errors="0" timestamp="24 Jun 2018 17:09:07 GMT">
  <testcase classname="Script.Addtowishlist" name="testcase3" time="73.085"/>
  <testcase classname="Script.Movetosaveforlater" name="testcase8" time="95.349"/>
  <testcase classname="Script.Filter" name="testcase5" time="33.095"/>
  <testcase classname="Script.Movetocartfromsavedforlater" name="testcase7" time="82.76"/>
  <testcase classname="Script.Deletefromsavedforlater" name="testcase4" time="128.979"/>
  <testcase classname="Script.Statement" name="testcase19" time="46.955"/>
  <testcase classname="Script.Searchforblankitem" name="testcase14" time="31.139"/>
  <testcase classname="Script.Selectaddress" name="testcase16" time="86.33"/>
  <testcase classname="Script.shareItemwithvalidemailid" name="testcase17" time="57.506"/>
  <testcase classname="Script.LoginlogoutScript" name="testcase6" time="20.078"/>
  <testcase classname="Script.Quantity" name="testcase10" time="95.795"/>
  <testcase classname="Script.Address" name="testcase1" time="61.493"/>
  <testcase classname="Script.SearchforItem" name="testcase15" time="55.839"/>
  <testcase classname="Script.Rating" name="testcase11" time="158.124"/>
  <testcase classname="Script.RemovefromWishlist" name="testcase13" time="145.091"/>
  <testcase classname="Script.RemoveFromcart" name="testcase12" time="112.686"/>
  <testcase classname="Script.Customerpage" name="testcase21" time="34.135"/>
  <testcase classname="Script.Addtocart" name="testcase2" time="115.451"/>
  <testcase classname="Script.Negativeaddress" name="testcase9" time="34.901"/>
  <testcase classname="Script.Sharewithinvalidemail" name="testcase18" time="67.646"/>
</testsuite> <!-- Test -->
